{"timestamp":"2025-04-06T16:09:42.976Z","event":"specialty_mapping_transition_start","data":{"uploadedSurveysCount":3,"timestamp":"2025-04-06T16:09:42.521Z"}}
{"timestamp":"2025-04-06T16:09:43.045Z","event":"specialty_mapping_data_check","data":{"surveyCount":3,"surveyDetails":[{"id":"cm95pflix01i8p70zpv90mow7","vendor":"GALLAGHER","rowCount":900},{"id":"cm95pfas800pbp70zeujgh6rj","vendor":"SULLIVANCOTTER","rowCount":1000},{"id":"cm95ovjsa0000p70zsyawlrsp","vendor":"MGMA","rowCount":875}],"timestamp":"2025-04-06T16:09:42.983Z"}}
{"timestamp":"2025-04-06T16:09:43.049Z","event":"specialty_mapping_transition_complete"}
{"timestamp":"2025-04-06T16:09:43.233Z","event":"specialty_mapping_studio_init","data":{"surveyCount":3,"surveySizes":[{"id":"cm95pflix01i8p70zpv90mow7","vendor":"GALLAGHER","dataLength":900},{"id":"cm95pfas800pbp70zeujgh6rj","vendor":"SULLIVANCOTTER","dataLength":1000},{"id":"cm95ovjsa0000p70zsyawlrsp","vendor":"MGMA","dataLength":875}],"timestamp":"2025-04-06T16:09:43.062Z"}}
{"timestamp":"2025-04-06T16:09:43.234Z","event":"specialty_mapping_load_start","data":{"page":1,"timestamp":"2025-04-06T16:09:43.062Z"}}
{"timestamp":"2025-04-06T16:12:08.823Z","event":"specialty_mapping_transition_start","data":{"uploadedSurveysCount":3,"timestamp":"2025-04-06T16:12:07.983Z"}}
{"timestamp":"2025-04-06T16:12:08.915Z","event":"specialty_mapping_data_check","data":{"surveyCount":3,"surveyDetails":[{"id":"cm95pflix01i8p70zpv90mow7","vendor":"GALLAGHER","rowCount":900},{"id":"cm95pfas800pbp70zeujgh6rj","vendor":"SULLIVANCOTTER","rowCount":1000},{"id":"cm95ovjsa0000p70zsyawlrsp","vendor":"MGMA","rowCount":875}],"timestamp":"2025-04-06T16:12:08.827Z"}}
{"timestamp":"2025-04-06T16:12:08.916Z","event":"specialty_mapping_transition_complete"}
{"timestamp":"2025-04-06T16:12:09.075Z","event":"specialty_mapping_studio_init","data":{"surveyCount":3,"surveySizes":[{"id":"cm95pflix01i8p70zpv90mow7","vendor":"GALLAGHER","dataLength":900},{"id":"cm95pfas800pbp70zeujgh6rj","vendor":"SULLIVANCOTTER","dataLength":1000},{"id":"cm95ovjsa0000p70zsyawlrsp","vendor":"MGMA","dataLength":875}],"timestamp":"2025-04-06T16:12:08.928Z"}}
{"timestamp":"2025-04-06T16:12:09.076Z","event":"processing_survey_chunk","data":{"chunkStart":0,"chunkSize":3,"totalSurveys":3,"processedCount":0,"timestamp":"2025-04-06T16:12:08.929Z"}}
{"timestamp":"2025-04-06T16:12:09.076Z","event":"specialty_mapping_load_start","data":{"page":1,"timestamp":"2025-04-06T16:12:08.929Z"}}
{"timestamp":"2025-04-06T16:13:50.136Z","event":"specialty_mapping_transition_start","data":{"uploadedSurveysCount":3,"timestamp":"2025-04-06T16:13:49.313Z"}}
{"timestamp":"2025-04-06T16:13:50.209Z","event":"specialty_mapping_data_check","data":{"surveyCount":3,"surveyDetails":[{"id":"cm95pflix01i8p70zpv90mow7","vendor":"GALLAGHER","rowCount":900},{"id":"cm95pfas800pbp70zeujgh6rj","vendor":"SULLIVANCOTTER","rowCount":1000},{"id":"cm95ovjsa0000p70zsyawlrsp","vendor":"MGMA","rowCount":875}],"timestamp":"2025-04-06T16:13:50.139Z"}}
{"timestamp":"2025-04-06T16:13:50.210Z","event":"specialty_mapping_transition_complete"}
{"timestamp":"2025-04-06T16:17:00.436Z","event":"specialty_mapping_transition_start","data":{"uploadedSurveysCount":3,"timestamp":"2025-04-06T16:16:59.199Z"}}
{"timestamp":"2025-04-06T16:17:00.552Z","event":"specialty_mapping_data_check","data":{"surveyCount":3,"surveyDetails":[{"id":"cm95pflix01i8p70zpv90mow7","vendor":"GALLAGHER","rowCount":900},{"id":"cm95pfas800pbp70zeujgh6rj","vendor":"SULLIVANCOTTER","rowCount":1000},{"id":"cm95ovjsa0000p70zsyawlrsp","vendor":"MGMA","rowCount":875}],"timestamp":"2025-04-06T16:17:00.442Z"}}
{"timestamp":"2025-04-06T16:17:00.558Z","event":"specialty_mapping_transition_complete"}
{"timestamp":"2025-04-06T16:19:29.314Z","event":"specialty_mapping_transition_start","data":{"uploadedSurveysCount":3,"timestamp":"2025-04-06T16:19:28.034Z"}}
{"timestamp":"2025-04-06T16:19:29.391Z","event":"specialty_mapping_data_check","data":{"surveyCount":3,"surveyDetails":[{"id":"cm95pflix01i8p70zpv90mow7","vendor":"GALLAGHER","rowCount":900},{"id":"cm95pfas800pbp70zeujgh6rj","vendor":"SULLIVANCOTTER","rowCount":1000},{"id":"cm95ovjsa0000p70zsyawlrsp","vendor":"MGMA","rowCount":875}],"timestamp":"2025-04-06T16:19:29.318Z"}}
{"timestamp":"2025-04-06T16:19:29.395Z","event":"specialty_mapping_transition_complete"}
